<?xml version="1.0" encoding="UTF-8"?>
<!-- Generated by org.testng.reporters.JUnitReportReporter -->
<testsuite hostname="Mokshi" failures="0" tests="3" name="com.example.testNGParellelDataprovider" time="25.308" errors="0" timestamp="2024-01-11T01:59:06 CST" skipped="0">
  <testcase classname="com.example.testNGParellelDataprovider" name="fire" time="9.160"/>
  <system-out/>
  <testcase classname="com.example.testNGParellelDataprovider" name="fire" time="7.624"/>
  <system-out/>
  <testcase classname="com.example.testNGParellelDataprovider" name="fire" time="8.524"/>
  <system-out/>
</testsuite> <!-- com.example.testNGParellelDataprovider -->
