<?xml version="1.0" encoding="UTF-8"?>
<!-- Generated by org.testng.reporters.JUnitReportReporter -->
<testsuite hostname="Mokshi" failures="0" tests="1" name="com.example.testngparellel" time="6.128" errors="0" timestamp="2024-01-11T01:29:54 CST" skipped="0">
  <testcase classname="com.example.testngparellel" name="calc1" time="6.128"/>
  <system-out/>
</testsuite> <!-- com.example.testngparellel -->
