<?xml version="1.0" encoding="UTF-8"?>
<!-- Generated by org.testng.reporters.JUnitReportReporter -->
<testsuite hostname="Mokshi" failures="0" tests="4" name="com.example.testngtest" time="15.789" errors="0" timestamp="2024-01-10T03:08:28 CST" skipped="0">
  <testcase classname="com.example.testngtest" name="gettitle" time="2.139"/>
  <system-out/>
  <testcase classname="com.example.testngtest" name="calc" time="3.531"/>
  <system-out/>
  <testcase classname="com.example.testngtest" name="calc" time="5.726"/>
  <system-out/>
  <testcase classname="com.example.testngtest" name="calc" time="4.393"/>
  <system-out/>
</testsuite> <!-- com.example.testngtest -->
